<?xml version="1.0" encoding="UTF-8"?>
<!-- Generated by org.testng.reporters.JUnitXMLReporter -->
<testsuite ignored="0" hostname="Manishs-MacBook-Pro.local" failures="0" tests="3" name="Test" time="33.475" errors="0" timestamp="2023-06-29T16:38:21 IST">
  <testcase classname="com.selenium.SeleniumDemo.ParallelExecutionDemo" name="executSessionThree" time="31.502"/>
  <testcase classname="com.selenium.SeleniumDemo.ParallelExecutionDemo" name="executeSessionTwo" time="33.204"/>
  <testcase classname="com.selenium.SeleniumDemo.ParallelExecutionDemo" name="executSessionOne" time="33.29"/>
</testsuite> <!-- Test -->
