<?xml version="1.0" encoding="UTF-8"?>
<!-- Generated by org.testng.reporters.JUnitXMLReporter -->
<testsuite ignored="1" hostname="Manishs-MacBook-Pro.local" failures="0" tests="2" name="Default test" time="0.176" errors="0" timestamp="2023-06-26T16:26:25 IST">
  <testcase classname="com.testng.demo.TestNGDemo.CalculatorTest" name="testAddReturnPositiveValue" time="0.014"/>
  <testcase classname="com.testng.demo.TestNGDemo.CalculatorTest" name="testSquareRootReturnPositiveValue" time="0.004"/>
  <testcase classname="com.testng.demo.TestNGDemo.CalculatorTest" name="testAddReturnNegativeValue" time="0.0">
    <ignored/>
  </testcase> <!-- testAddReturnNegativeValue -->
</testsuite> <!-- Default test -->
