<?xml version="1.0" encoding="UTF-8"?>
<!-- Generated by org.testng.reporters.JUnitXMLReporter -->
<testsuite ignored="1" hostname="Manishs-MacBook-Pro.local" failures="0" tests="4" name="Test" time="0.211" errors="0" timestamp="2023-06-26T16:28:11 IST">
  <testcase classname="com.testng.demo.TestNGDemo.FirstTestCase" name="test1" time="0.011"/>
  <testcase classname="com.testng.demo.TestNGDemo.FirstTestCase" name="test2" time="0.001"/>
  <testcase classname="com.testng.demo.TestNGDemo.CalculatorTest" name="testAddReturnPositiveValue" time="0.005"/>
  <testcase classname="com.testng.demo.TestNGDemo.CalculatorTest" name="testSquareRootReturnPositiveValue" time="0.003"/>
  <testcase classname="com.testng.demo.TestNGDemo.CalculatorTest" name="testAddReturnNegativeValue" time="0.0">
    <ignored/>
  </testcase> <!-- testAddReturnNegativeValue -->
</testsuite> <!-- Test -->
