<?xml version="1.0" encoding="UTF-8"?>
<!-- Generated by org.testng.reporters.JUnitXMLReporter -->
<testsuite ignored="4" hostname="Manishs-MacBook-Pro.local" failures="0" tests="4" name="Test2" time="0.055" errors="0" timestamp="2023-06-26T16:32:55 IST">
  <testcase classname="com.testng.demo.TestNGDemo.anno.MyTestClass1" name="myTestMethod1" time="0.002"/>
  <testcase classname="com.testng.demo.TestNGDemo.anno.MyTestClass1" name="myTestMethod2" time="0.001"/>
  <testcase classname="com.testng.demo.TestNGDemo.anno.MyTestClass2" name="myTestMethod3" time="0.003"/>
  <testcase classname="com.testng.demo.TestNGDemo.anno.MyTestClass2" name="myTestMethod4" time="0.009"/>
  <testcase classname="com.testng.demo.TestNGDemo.anno.SeleniumAbstractTest" name="@BeforeSuite beforeSuite" time="0.0">
    <ignored/>
  </testcase> <!-- @BeforeSuite beforeSuite -->
  <testcase classname="com.testng.demo.TestNGDemo.anno.SeleniumAbstractTest" name="@AfterSuite afterSuite" time="0.0">
    <ignored/>
  </testcase> <!-- @AfterSuite afterSuite -->
  <testcase classname="com.testng.demo.TestNGDemo.anno.SeleniumAbstractTest" name="@BeforeTest beforeTest" time="0.0">
    <ignored/>
  </testcase> <!-- @BeforeTest beforeTest -->
  <testcase classname="com.testng.demo.TestNGDemo.anno.SeleniumAbstractTest" name="@AfterTest afterTest" time="0.0">
    <ignored/>
  </testcase> <!-- @AfterTest afterTest -->
</testsuite> <!-- Test2 -->
