<?xml version="1.0" encoding="UTF-8"?>
<!-- Generated by org.testng.reporters.JUnitXMLReporter -->
<testsuite ignored="0" hostname="Manishs-MacBook-Pro.local" failures="0" tests="2" name="Test1" time="0.107" errors="0" timestamp="2023-06-26T16:58:27 IST">
  <testcase classname="com.testng.demo.TestNGDemo.parameters.ParametersTesting" name="FillLoginForm" time="0.008"/>
  <testcase classname="com.testng.demo.TestNGDemo.parameters.ParametersTesting" name="OpenBrowser" time="0.002"/>
</testsuite> <!-- Test1 -->
