<?xml version="1.0" encoding="UTF-8"?>
<testng-results ignored="0" total="6" passed="6" failed="0" skipped="0">
  <reporter-output>
  </reporter-output>
  <suite started-at="2023-06-26T16:32:55 IST" name="Suite" finished-at="2023-06-26T16:32:55 IST" duration-ms="429">
    <groups>
    </groups>
    <test started-at="2023-06-26T16:32:55 IST" name="Test1" finished-at="2023-06-26T16:32:55 IST" duration-ms="69">
      <class name="com.testng.demo.TestNGDemo.anno.MyTestClass1">
        <test-method is-config="true" signature="beforeTest()[pri:0, instance:com.testng.demo.TestNGDemo.anno.MyTestClass1@6574a52c]" started-at="2023-06-26T16:32:55 IST" name="beforeTest" finished-at="2023-06-26T16:32:55 IST" duration-ms="1" status="PASS">
          <reporter-output>
          </reporter-output>
        </test-method> <!-- beforeTest -->
        <test-method is-config="true" signature="beforeClass()[pri:0, instance:com.testng.demo.TestNGDemo.anno.MyTestClass1@6574a52c]" started-at="2023-06-26T16:32:55 IST" name="beforeClass" finished-at="2023-06-26T16:32:55 IST" duration-ms="1" status="PASS">
          <reporter-output>
          </reporter-output>
        </test-method> <!-- beforeClass -->
        <test-method is-config="true" signature="beforeMethod()[pri:0, instance:com.testng.demo.TestNGDemo.anno.MyTestClass1@6574a52c]" started-at="2023-06-26T16:32:55 IST" name="beforeMethod" finished-at="2023-06-26T16:32:55 IST" duration-ms="0" status="PASS">
          <reporter-output>
          </reporter-output>
        </test-method> <!-- beforeMethod -->
        <test-method signature="myTestMethod1()[pri:0, instance:com.testng.demo.TestNGDemo.anno.MyTestClass1@6574a52c]" started-at="2023-06-26T16:32:55 IST" name="myTestMethod1" finished-at="2023-06-26T16:32:55 IST" duration-ms="6" status="PASS">
          <reporter-output>
          </reporter-output>
        </test-method> <!-- myTestMethod1 -->
        <test-method is-config="true" signature="afterMethod()[pri:0, instance:com.testng.demo.TestNGDemo.anno.MyTestClass1@6574a52c]" started-at="2023-06-26T16:32:55 IST" name="afterMethod" finished-at="2023-06-26T16:32:55 IST" duration-ms="0" status="PASS">
          <reporter-output>
          </reporter-output>
        </test-method> <!-- afterMethod -->
        <test-method signature="myTestMethod2()[pri:0, instance:com.testng.demo.TestNGDemo.anno.MyTestClass1@6574a52c]" started-at="2023-06-26T16:32:55 IST" name="myTestMethod2" finished-at="2023-06-26T16:32:55 IST" duration-ms="2" status="PASS">
          <reporter-output>
          </reporter-output>
        </test-method> <!-- myTestMethod2 -->
        <test-method is-config="true" signature="beforeMethod()[pri:0, instance:com.testng.demo.TestNGDemo.anno.MyTestClass1@6574a52c]" started-at="2023-06-26T16:32:55 IST" name="beforeMethod" finished-at="2023-06-26T16:32:55 IST" duration-ms="0" status="PASS">
          <reporter-output>
          </reporter-output>
        </test-method> <!-- beforeMethod -->
        <test-method is-config="true" signature="afterMethod()[pri:0, instance:com.testng.demo.TestNGDemo.anno.MyTestClass1@6574a52c]" started-at="2023-06-26T16:32:55 IST" name="afterMethod" finished-at="2023-06-26T16:32:55 IST" duration-ms="0" status="PASS">
          <reporter-output>
          </reporter-output>
        </test-method> <!-- afterMethod -->
        <test-method is-config="true" signature="afterClass()[pri:0, instance:com.testng.demo.TestNGDemo.anno.MyTestClass1@6574a52c]" started-at="2023-06-26T16:32:55 IST" name="afterClass" finished-at="2023-06-26T16:32:55 IST" duration-ms="0" status="PASS">
          <reporter-output>
          </reporter-output>
        </test-method> <!-- afterClass -->
        <test-method is-config="true" signature="afterTest()[pri:0, instance:com.testng.demo.TestNGDemo.anno.MyTestClass1@6574a52c]" started-at="2023-06-26T16:32:55 IST" name="afterTest" finished-at="2023-06-26T16:32:55 IST" duration-ms="0" status="PASS">
          <reporter-output>
          </reporter-output>
        </test-method> <!-- afterTest -->
      </class> <!-- com.testng.demo.TestNGDemo.anno.MyTestClass1 -->
    </test> <!-- Test1 -->
    <test started-at="2023-06-26T16:32:55 IST" name="Test2" finished-at="2023-06-26T16:32:55 IST" duration-ms="55">
      <class name="com.testng.demo.TestNGDemo.anno.MyTestClass1">
        <test-method is-config="true" signature="beforeSuite()[pri:0, instance:com.testng.demo.TestNGDemo.anno.MyTestClass1@75d3a5e0]" started-at="2023-06-26T16:32:55 IST" name="beforeSuite" finished-at="2023-06-26T16:32:55 IST" duration-ms="49" status="PASS">
          <reporter-output>
          </reporter-output>
        </test-method> <!-- beforeSuite -->
        <test-method is-config="true" signature="beforeTest()[pri:0, instance:com.testng.demo.TestNGDemo.anno.MyTestClass1@75d3a5e0]" started-at="2023-06-26T16:32:55 IST" name="beforeTest" finished-at="2023-06-26T16:32:55 IST" duration-ms="8" status="PASS">
          <reporter-output>
          </reporter-output>
        </test-method> <!-- beforeTest -->
        <test-method is-config="true" signature="beforeClass()[pri:0, instance:com.testng.demo.TestNGDemo.anno.MyTestClass1@75d3a5e0]" started-at="2023-06-26T16:32:55 IST" name="beforeClass" finished-at="2023-06-26T16:32:55 IST" duration-ms="1" status="PASS">
          <reporter-output>
          </reporter-output>
        </test-method> <!-- beforeClass -->
        <test-method is-config="true" signature="beforeMethod()[pri:0, instance:com.testng.demo.TestNGDemo.anno.MyTestClass1@75d3a5e0]" started-at="2023-06-26T16:32:55 IST" name="beforeMethod" finished-at="2023-06-26T16:32:55 IST" duration-ms="1" status="PASS">
          <reporter-output>
          </reporter-output>
        </test-method> <!-- beforeMethod -->
        <test-method signature="myTestMethod1()[pri:0, instance:com.testng.demo.TestNGDemo.anno.MyTestClass1@75d3a5e0]" started-at="2023-06-26T16:32:55 IST" name="myTestMethod1" finished-at="2023-06-26T16:32:55 IST" duration-ms="2" status="PASS">
          <reporter-output>
          </reporter-output>
        </test-method> <!-- myTestMethod1 -->
        <test-method is-config="true" signature="beforeMethod()[pri:0, instance:com.testng.demo.TestNGDemo.anno.MyTestClass1@75d3a5e0]" started-at="2023-06-26T16:32:55 IST" name="beforeMethod" finished-at="2023-06-26T16:32:55 IST" duration-ms="1" status="PASS">
          <reporter-output>
          </reporter-output>
        </test-method> <!-- beforeMethod -->
        <test-method is-config="true" signature="afterMethod()[pri:0, instance:com.testng.demo.TestNGDemo.anno.MyTestClass1@75d3a5e0]" started-at="2023-06-26T16:32:55 IST" name="afterMethod" finished-at="2023-06-26T16:32:55 IST" duration-ms="0" status="PASS">
          <reporter-output>
          </reporter-output>
        </test-method> <!-- afterMethod -->
        <test-method signature="myTestMethod2()[pri:0, instance:com.testng.demo.TestNGDemo.anno.MyTestClass1@75d3a5e0]" started-at="2023-06-26T16:32:55 IST" name="myTestMethod2" finished-at="2023-06-26T16:32:55 IST" duration-ms="1" status="PASS">
          <reporter-output>
          </reporter-output>
        </test-method> <!-- myTestMethod2 -->
        <test-method is-config="true" signature="afterMethod()[pri:0, instance:com.testng.demo.TestNGDemo.anno.MyTestClass1@75d3a5e0]" started-at="2023-06-26T16:32:55 IST" name="afterMethod" finished-at="2023-06-26T16:32:55 IST" duration-ms="1" status="PASS">
          <reporter-output>
          </reporter-output>
        </test-method> <!-- afterMethod -->
        <test-method is-config="true" signature="afterClass()[pri:0, instance:com.testng.demo.TestNGDemo.anno.MyTestClass1@75d3a5e0]" started-at="2023-06-26T16:32:55 IST" name="afterClass" finished-at="2023-06-26T16:32:55 IST" duration-ms="1" status="PASS">
          <reporter-output>
          </reporter-output>
        </test-method> <!-- afterClass -->
        <test-method is-config="true" signature="afterTest()[pri:0, instance:com.testng.demo.TestNGDemo.anno.MyTestClass1@75d3a5e0]" started-at="2023-06-26T16:32:55 IST" name="afterTest" finished-at="2023-06-26T16:32:55 IST" duration-ms="0" status="PASS">
          <reporter-output>
          </reporter-output>
        </test-method> <!-- afterTest -->
        <test-method is-config="true" signature="afterSuite()[pri:0, instance:com.testng.demo.TestNGDemo.anno.MyTestClass1@75d3a5e0]" started-at="2023-06-26T16:32:55 IST" name="afterSuite" finished-at="2023-06-26T16:32:55 IST" duration-ms="3" status="PASS">
          <reporter-output>
          </reporter-output>
        </test-method> <!-- afterSuite -->
      </class> <!-- com.testng.demo.TestNGDemo.anno.MyTestClass1 -->
      <class name="com.testng.demo.TestNGDemo.anno.MyTestClass2">
        <test-method signature="myTestMethod3()[pri:0, instance:com.testng.demo.TestNGDemo.anno.MyTestClass2@74d1dc36]" started-at="2023-06-26T16:32:55 IST" name="myTestMethod3" finished-at="2023-06-26T16:32:55 IST" duration-ms="3" status="PASS">
          <reporter-output>
          </reporter-output>
        </test-method> <!-- myTestMethod3 -->
        <test-method is-config="true" signature="beforeClass()[pri:0, instance:com.testng.demo.TestNGDemo.anno.MyTestClass2@74d1dc36]" started-at="2023-06-26T16:32:55 IST" name="beforeClass" finished-at="2023-06-26T16:32:55 IST" duration-ms="0" status="PASS">
          <reporter-output>
          </reporter-output>
        </test-method> <!-- beforeClass -->
        <test-method is-config="true" signature="beforeMethod()[pri:0, instance:com.testng.demo.TestNGDemo.anno.MyTestClass2@74d1dc36]" started-at="2023-06-26T16:32:55 IST" name="beforeMethod" finished-at="2023-06-26T16:32:55 IST" duration-ms="0" status="PASS">
          <reporter-output>
          </reporter-output>
        </test-method> <!-- beforeMethod -->
        <test-method is-config="true" signature="afterMethod()[pri:0, instance:com.testng.demo.TestNGDemo.anno.MyTestClass2@74d1dc36]" started-at="2023-06-26T16:32:55 IST" name="afterMethod" finished-at="2023-06-26T16:32:55 IST" duration-ms="0" status="PASS">
          <reporter-output>
          </reporter-output>
        </test-method> <!-- afterMethod -->
        <test-method is-config="true" signature="beforeMethod()[pri:0, instance:com.testng.demo.TestNGDemo.anno.MyTestClass2@74d1dc36]" started-at="2023-06-26T16:32:55 IST" name="beforeMethod" finished-at="2023-06-26T16:32:55 IST" duration-ms="2" status="PASS">
          <reporter-output>
          </reporter-output>
        </test-method> <!-- beforeMethod -->
        <test-method signature="myTestMethod4()[pri:0, instance:com.testng.demo.TestNGDemo.anno.MyTestClass2@74d1dc36]" started-at="2023-06-26T16:32:55 IST" name="myTestMethod4" finished-at="2023-06-26T16:32:55 IST" duration-ms="9" status="PASS">
          <reporter-output>
          </reporter-output>
        </test-method> <!-- myTestMethod4 -->
        <test-method is-config="true" signature="afterMethod()[pri:0, instance:com.testng.demo.TestNGDemo.anno.MyTestClass2@74d1dc36]" started-at="2023-06-26T16:32:55 IST" name="afterMethod" finished-at="2023-06-26T16:32:55 IST" duration-ms="1" status="PASS">
          <reporter-output>
          </reporter-output>
        </test-method> <!-- afterMethod -->
        <test-method is-config="true" signature="afterClass()[pri:0, instance:com.testng.demo.TestNGDemo.anno.MyTestClass2@74d1dc36]" started-at="2023-06-26T16:32:55 IST" name="afterClass" finished-at="2023-06-26T16:32:55 IST" duration-ms="0" status="PASS">
          <reporter-output>
          </reporter-output>
        </test-method> <!-- afterClass -->
      </class> <!-- com.testng.demo.TestNGDemo.anno.MyTestClass2 -->
    </test> <!-- Test2 -->
  </suite> <!-- Suite -->
</testng-results>
