<?xml version="1.0" encoding="UTF-8"?>
<testng-results ignored="0" total="4" passed="4" failed="0" skipped="0">
  <reporter-output>
  </reporter-output>
  <suite started-at="2023-06-26T17:00:11 IST" name="Default suite" finished-at="2023-06-26T17:00:11 IST" duration-ms="118">
    <groups>
    </groups>
    <test started-at="2023-06-26T17:00:11 IST" name="Default test" finished-at="2023-06-26T17:00:11 IST" duration-ms="118">
      <class name="com.testng.demo.TestNGDemo.parameters.DataProviderDemo">
        <test-method signature="FillLoginForm(java.lang.String,java.lang.String)[pri:0, instance:com.testng.demo.TestNGDemo.parameters.DataProviderDemo@290222c1]" started-at="2023-06-26T17:00:11 IST" name="FillLoginForm" data-provider="provideData" finished-at="2023-06-26T17:00:11 IST" duration-ms="6" status="PASS">
          <params>
            <param index="0">
              <value>
                <![CDATA[u1]]>
              </value>
            </param>
            <param index="1">
              <value>
                <![CDATA[p1]]>
              </value>
            </param>
          </params>
          <reporter-output>
          </reporter-output>
        </test-method> <!-- FillLoginForm -->
        <test-method signature="FillLoginForm(java.lang.String,java.lang.String)[pri:0, instance:com.testng.demo.TestNGDemo.parameters.DataProviderDemo@290222c1]" started-at="2023-06-26T17:00:11 IST" name="FillLoginForm" data-provider="provideData" finished-at="2023-06-26T17:00:11 IST" duration-ms="2" status="PASS">
          <params>
            <param index="0">
              <value>
                <![CDATA[u2]]>
              </value>
            </param>
            <param index="1">
              <value>
                <![CDATA[p2]]>
              </value>
            </param>
          </params>
          <reporter-output>
          </reporter-output>
        </test-method> <!-- FillLoginForm -->
        <test-method signature="FillLoginForm(java.lang.String,java.lang.String)[pri:0, instance:com.testng.demo.TestNGDemo.parameters.DataProviderDemo@290222c1]" started-at="2023-06-26T17:00:11 IST" name="FillLoginForm" data-provider="provideData" finished-at="2023-06-26T17:00:11 IST" duration-ms="2" status="PASS">
          <params>
            <param index="0">
              <value>
                <![CDATA[u3]]>
              </value>
            </param>
            <param index="1">
              <value>
                <![CDATA[p3]]>
              </value>
            </param>
          </params>
          <reporter-output>
          </reporter-output>
        </test-method> <!-- FillLoginForm -->
        <test-method signature="FillLoginForm(java.lang.String,java.lang.String)[pri:0, instance:com.testng.demo.TestNGDemo.parameters.DataProviderDemo@290222c1]" started-at="2023-06-26T17:00:11 IST" name="FillLoginForm" data-provider="provideData" finished-at="2023-06-26T17:00:11 IST" duration-ms="2" status="PASS">
          <params>
            <param index="0">
              <value>
                <![CDATA[u4]]>
              </value>
            </param>
            <param index="1">
              <value>
                <![CDATA[p4]]>
              </value>
            </param>
          </params>
          <reporter-output>
          </reporter-output>
        </test-method> <!-- FillLoginForm -->
      </class> <!-- com.testng.demo.TestNGDemo.parameters.DataProviderDemo -->
    </test> <!-- Default test -->
  </suite> <!-- Default suite -->
</testng-results>
