<?xml version="1.0" encoding="UTF-8"?>
<testng-results ignored="0" total="2" passed="2" failed="0" skipped="0">
  <reporter-output>
  </reporter-output>
  <suite started-at="2023-06-26T14:45:56 IST" name="Default suite" finished-at="2023-06-26T14:45:56 IST" duration-ms="175">
    <groups>
    </groups>
    <test started-at="2023-06-26T14:45:56 IST" name="Default test" finished-at="2023-06-26T14:45:56 IST" duration-ms="175">
      <class name="com.testng.demo.TestNGDemo.FirstTestCase">
        <test-method is-config="true" signature="beforeTest()[pri:0, instance:com.testng.demo.TestNGDemo.FirstTestCase@38cee291]" started-at="2023-06-26T14:45:56 IST" name="beforeTest" finished-at="2023-06-26T14:45:56 IST" duration-ms="31" status="PASS">
          <reporter-output>
          </reporter-output>
        </test-method> <!-- beforeTest -->
        <test-method is-config="true" signature="beforeClass()[pri:0, instance:com.testng.demo.TestNGDemo.FirstTestCase@38cee291]" started-at="2023-06-26T14:45:56 IST" name="beforeClass" finished-at="2023-06-26T14:45:56 IST" duration-ms="1" status="PASS">
          <reporter-output>
          </reporter-output>
        </test-method> <!-- beforeClass -->
        <test-method is-config="true" signature="beforeMethod()[pri:0, instance:com.testng.demo.TestNGDemo.FirstTestCase@38cee291]" started-at="2023-06-26T14:45:56 IST" name="beforeMethod" finished-at="2023-06-26T14:45:56 IST" duration-ms="2" status="PASS">
          <reporter-output>
          </reporter-output>
        </test-method> <!-- beforeMethod -->
        <test-method signature="test1()[pri:0, instance:com.testng.demo.TestNGDemo.FirstTestCase@38cee291]" started-at="2023-06-26T14:45:56 IST" name="test1" finished-at="2023-06-26T14:45:56 IST" duration-ms="11" status="PASS">
          <reporter-output>
          </reporter-output>
        </test-method> <!-- test1 -->
        <test-method is-config="true" signature="afterMethod()[pri:0, instance:com.testng.demo.TestNGDemo.FirstTestCase@38cee291]" started-at="2023-06-26T14:45:56 IST" name="afterMethod" finished-at="2023-06-26T14:45:56 IST" duration-ms="0" status="PASS">
          <reporter-output>
          </reporter-output>
        </test-method> <!-- afterMethod -->
        <test-method signature="test2()[pri:0, instance:com.testng.demo.TestNGDemo.FirstTestCase@38cee291]" started-at="2023-06-26T14:45:56 IST" name="test2" finished-at="2023-06-26T14:45:56 IST" duration-ms="2" status="PASS">
          <reporter-output>
          </reporter-output>
        </test-method> <!-- test2 -->
        <test-method is-config="true" signature="beforeMethod()[pri:0, instance:com.testng.demo.TestNGDemo.FirstTestCase@38cee291]" started-at="2023-06-26T14:45:56 IST" name="beforeMethod" finished-at="2023-06-26T14:45:56 IST" duration-ms="0" status="PASS">
          <reporter-output>
          </reporter-output>
        </test-method> <!-- beforeMethod -->
        <test-method is-config="true" signature="afterMethod()[pri:0, instance:com.testng.demo.TestNGDemo.FirstTestCase@38cee291]" started-at="2023-06-26T14:45:56 IST" name="afterMethod" finished-at="2023-06-26T14:45:56 IST" duration-ms="1" status="PASS">
          <reporter-output>
          </reporter-output>
        </test-method> <!-- afterMethod -->
        <test-method is-config="true" signature="afterClass()[pri:0, instance:com.testng.demo.TestNGDemo.FirstTestCase@38cee291]" started-at="2023-06-26T14:45:56 IST" name="afterClass" finished-at="2023-06-26T14:45:56 IST" duration-ms="0" status="PASS">
          <reporter-output>
          </reporter-output>
        </test-method> <!-- afterClass -->
        <test-method is-config="true" signature="afterTest()[pri:0, instance:com.testng.demo.TestNGDemo.FirstTestCase@38cee291]" started-at="2023-06-26T14:45:56 IST" name="afterTest" finished-at="2023-06-26T14:45:56 IST" duration-ms="0" status="PASS">
          <reporter-output>
          </reporter-output>
        </test-method> <!-- afterTest -->
      </class> <!-- com.testng.demo.TestNGDemo.FirstTestCase -->
    </test> <!-- Default test -->
  </suite> <!-- Default suite -->
</testng-results>
