<?xml version="1.0" encoding="UTF-8"?>
<!-- Generated by org.testng.reporters.JUnitXMLReporter -->
<testsuite ignored="0" hostname="Manishs-MacBook-Pro.local" failures="0" tests="2" name="Default test" time="97.45" errors="0" timestamp="2023-06-27T17:11:45 IST">
  <testcase classname="com.selenium.SeleniumDemo.TestLamdaTestSignUp" name="testClickOnSignUpLink" time="23.258"/>
  <testcase classname="com.selenium.SeleniumDemo.TestLamdaTestSignUp" name="testSignUpPageFillForm" time="27.453"/>
</testsuite> <!-- Default test -->
