<?xml version="1.0" encoding="UTF-8"?>
<testng-results ignored="0" total="1" passed="1" failed="0" skipped="0">
  <reporter-output>
  </reporter-output>
  <suite started-at="2023-06-27T15:32:47 IST" name="Default suite" finished-at="2023-06-27T15:33:14 IST" duration-ms="26672">
    <groups>
    </groups>
    <test started-at="2023-06-27T15:32:47 IST" name="Default test" finished-at="2023-06-27T15:33:14 IST" duration-ms="26672">
      <class name="com.selenium.SeleniumDemo.TestFindByDemo">
        <test-method is-config="true" signature="beforeClass()[pri:0, instance:com.selenium.SeleniumDemo.TestFindByDemo@710c2b53]" started-at="2023-06-27T15:32:47 IST" name="beforeClass" finished-at="2023-06-27T15:32:47 IST" duration-ms="31" status="PASS">
          <reporter-output>
          </reporter-output>
        </test-method> <!-- beforeClass -->
        <test-method is-config="true" signature="beforeMethod()[pri:0, instance:com.selenium.SeleniumDemo.TestFindByDemo@710c2b53]" started-at="2023-06-27T15:32:47 IST" name="beforeMethod" finished-at="2023-06-27T15:32:53 IST" duration-ms="5994" status="PASS">
          <reporter-output>
          </reporter-output>
        </test-method> <!-- beforeMethod -->
        <test-method signature="testDriverCommands()[pri:0, instance:com.selenium.SeleniumDemo.TestFindByDemo@710c2b53]" started-at="2023-06-27T15:32:53 IST" name="testDriverCommands" finished-at="2023-06-27T15:33:14 IST" duration-ms="20428" status="PASS">
          <reporter-output>
          </reporter-output>
        </test-method> <!-- testDriverCommands -->
        <test-method is-config="true" signature="afterMethod()[pri:0, instance:com.selenium.SeleniumDemo.TestFindByDemo@710c2b53]" started-at="2023-06-27T15:33:14 IST" name="afterMethod" finished-at="2023-06-27T15:33:14 IST" duration-ms="138" status="PASS">
          <reporter-output>
          </reporter-output>
        </test-method> <!-- afterMethod -->
      </class> <!-- com.selenium.SeleniumDemo.TestFindByDemo -->
    </test> <!-- Default test -->
  </suite> <!-- Default suite -->
</testng-results>
