<?xml version="1.0" encoding="UTF-8"?>
<testng-results ignored="0" total="3" passed="3" failed="0" skipped="0">
  <reporter-output>
  </reporter-output>
  <suite started-at="2023-06-29T16:37:48 IST" name="Suite" finished-at="2023-06-29T16:38:21 IST" duration-ms="33475">
    <groups>
    </groups>
    <test started-at="2023-06-29T16:37:48 IST" name="Test" finished-at="2023-06-29T16:38:21 IST" duration-ms="33475">
      <class name="com.selenium.SeleniumDemo.ParallelExecutionDemo">
        <test-method is-config="true" signature="beforeClass()[pri:0, instance:com.selenium.SeleniumDemo.ParallelExecutionDemo@402c4085]" started-at="2023-06-29T16:37:48 IST" name="beforeClass" finished-at="2023-06-29T16:37:48 IST" duration-ms="31" status="PASS">
          <reporter-output>
          </reporter-output>
        </test-method> <!-- beforeClass -->
        <test-method signature="executSessionOne()[pri:0, instance:com.selenium.SeleniumDemo.ParallelExecutionDemo@402c4085]" started-at="2023-06-29T16:37:48 IST" name="executSessionOne" finished-at="2023-06-29T16:38:21 IST" duration-ms="33290" status="PASS">
          <reporter-output>
          </reporter-output>
        </test-method> <!-- executSessionOne -->
        <test-method signature="executSessionThree()[pri:0, instance:com.selenium.SeleniumDemo.ParallelExecutionDemo@402c4085]" started-at="2023-06-29T16:37:48 IST" name="executSessionThree" finished-at="2023-06-29T16:38:19 IST" duration-ms="31502" status="PASS">
          <reporter-output>
          </reporter-output>
        </test-method> <!-- executSessionThree -->
        <test-method signature="executeSessionTwo()[pri:0, instance:com.selenium.SeleniumDemo.ParallelExecutionDemo@402c4085]" started-at="2023-06-29T16:37:48 IST" name="executeSessionTwo" finished-at="2023-06-29T16:38:21 IST" duration-ms="33204" status="PASS">
          <reporter-output>
          </reporter-output>
        </test-method> <!-- executeSessionTwo -->
      </class> <!-- com.selenium.SeleniumDemo.ParallelExecutionDemo -->
    </test> <!-- Test -->
  </suite> <!-- Suite -->
</testng-results>
