<?xml version="1.0" encoding="UTF-8"?>
<testng-results ignored="0" total="1" passed="1" failed="0" skipped="0">
  <reporter-output>
  </reporter-output>
  <suite started-at="2023-06-28T17:40:36 IST" name="Default suite" finished-at="2023-06-28T17:41:00 IST" duration-ms="24114">
    <groups>
    </groups>
    <test started-at="2023-06-28T17:40:36 IST" name="Default test" finished-at="2023-06-28T17:41:00 IST" duration-ms="24114">
      <class name="com.selenium.SeleniumDemo.TestMouseHoverAndOptions">
        <test-method is-config="true" signature="beforeClass()[pri:0, instance:com.selenium.SeleniumDemo.TestMouseHoverAndOptions@710c2b53]" started-at="2023-06-28T17:40:36 IST" name="beforeClass" finished-at="2023-06-28T17:40:36 IST" duration-ms="32" status="PASS">
          <reporter-output>
          </reporter-output>
        </test-method> <!-- beforeClass -->
        <test-method is-config="true" signature="beforeMethod()[pri:0, instance:com.selenium.SeleniumDemo.TestMouseHoverAndOptions@710c2b53]" started-at="2023-06-28T17:40:36 IST" name="beforeMethod" finished-at="2023-06-28T17:40:43 IST" duration-ms="6432" status="PASS">
          <reporter-output>
          </reporter-output>
        </test-method> <!-- beforeMethod -->
        <test-method signature="testAlertClick()[pri:0, instance:com.selenium.SeleniumDemo.TestMouseHoverAndOptions@710c2b53]" started-at="2023-06-28T17:40:43 IST" name="testAlertClick" finished-at="2023-06-28T17:41:00 IST" duration-ms="17415" status="PASS">
          <reporter-output>
          </reporter-output>
        </test-method> <!-- testAlertClick -->
        <test-method is-config="true" signature="afterMethod()[pri:0, instance:com.selenium.SeleniumDemo.TestMouseHoverAndOptions@710c2b53]" started-at="2023-06-28T17:41:00 IST" name="afterMethod" finished-at="2023-06-28T17:41:00 IST" duration-ms="128" status="PASS">
          <reporter-output>
          </reporter-output>
        </test-method> <!-- afterMethod -->
      </class> <!-- com.selenium.SeleniumDemo.TestMouseHoverAndOptions -->
    </test> <!-- Default test -->
  </suite> <!-- Default suite -->
</testng-results>
