<?xml version="1.0" encoding="UTF-8"?>
<testng-results ignored="0" total="1" passed="1" failed="0" skipped="0">
  <reporter-output>
  </reporter-output>
  <suite started-at="2023-06-29T15:24:18 IST" name="Default suite" finished-at="2023-06-29T15:24:36 IST" duration-ms="18444">
    <groups>
    </groups>
    <test started-at="2023-06-29T15:24:18 IST" name="Default test" finished-at="2023-06-29T15:24:36 IST" duration-ms="18444">
      <class name="com.selenium.SeleniumDemo.TableDemo">
        <test-method is-config="true" signature="beforeClass()[pri:0, instance:com.selenium.SeleniumDemo.TableDemo@710c2b53]" started-at="2023-06-29T15:24:18 IST" name="beforeClass" finished-at="2023-06-29T15:24:18 IST" duration-ms="25" status="PASS">
          <reporter-output>
          </reporter-output>
        </test-method> <!-- beforeClass -->
        <test-method is-config="true" signature="beforeMethod()[pri:0, instance:com.selenium.SeleniumDemo.TableDemo@710c2b53]" started-at="2023-06-29T15:24:18 IST" name="beforeMethod" finished-at="2023-06-29T15:24:24 IST" duration-ms="5975" status="PASS">
          <reporter-output>
          </reporter-output>
        </test-method> <!-- beforeMethod -->
        <test-method signature="testAlertClick()[pri:0, instance:com.selenium.SeleniumDemo.TableDemo@710c2b53]" started-at="2023-06-29T15:24:24 IST" name="testAlertClick" finished-at="2023-06-29T15:24:36 IST" duration-ms="12194" status="PASS">
          <reporter-output>
          </reporter-output>
        </test-method> <!-- testAlertClick -->
        <test-method is-config="true" signature="afterMethod()[pri:0, instance:com.selenium.SeleniumDemo.TableDemo@710c2b53]" started-at="2023-06-29T15:24:36 IST" name="afterMethod" finished-at="2023-06-29T15:24:36 IST" duration-ms="178" status="PASS">
          <reporter-output>
          </reporter-output>
        </test-method> <!-- afterMethod -->
      </class> <!-- com.selenium.SeleniumDemo.TableDemo -->
    </test> <!-- Default test -->
  </suite> <!-- Default suite -->
</testng-results>
