<?xml version="1.0" encoding="UTF-8"?>
<testng-results ignored="0" total="1" passed="1" failed="0" skipped="0">
  <reporter-output>
  </reporter-output>
  <suite started-at="2023-06-27T16:45:48 IST" name="Default suite" finished-at="2023-06-27T16:46:01 IST" duration-ms="12596">
    <groups>
    </groups>
    <test started-at="2023-06-27T16:45:48 IST" name="Default test" finished-at="2023-06-27T16:46:01 IST" duration-ms="12596">
      <class name="com.selenium.SeleniumDemo.TestFindByXpath">
        <test-method is-config="true" signature="beforeClass()[pri:0, instance:com.selenium.SeleniumDemo.TestFindByXpath@710c2b53]" started-at="2023-06-27T16:45:48 IST" name="beforeClass" finished-at="2023-06-27T16:45:48 IST" duration-ms="24" status="PASS">
          <reporter-output>
          </reporter-output>
        </test-method> <!-- beforeClass -->
        <test-method is-config="true" signature="beforeMethod()[pri:0, instance:com.selenium.SeleniumDemo.TestFindByXpath@710c2b53]" started-at="2023-06-27T16:45:48 IST" name="beforeMethod" finished-at="2023-06-27T16:45:54 IST" duration-ms="5595" status="PASS">
          <reporter-output>
          </reporter-output>
        </test-method> <!-- beforeMethod -->
        <test-method signature="testDriverCommands()[pri:0, instance:com.selenium.SeleniumDemo.TestFindByXpath@710c2b53]" started-at="2023-06-27T16:45:54 IST" name="testDriverCommands" finished-at="2023-06-27T16:46:00 IST" duration-ms="6769" status="PASS">
          <reporter-output>
          </reporter-output>
        </test-method> <!-- testDriverCommands -->
        <test-method is-config="true" signature="afterMethod()[pri:0, instance:com.selenium.SeleniumDemo.TestFindByXpath@710c2b53]" started-at="2023-06-27T16:46:00 IST" name="afterMethod" finished-at="2023-06-27T16:46:01 IST" duration-ms="131" status="PASS">
          <reporter-output>
          </reporter-output>
        </test-method> <!-- afterMethod -->
      </class> <!-- com.selenium.SeleniumDemo.TestFindByXpath -->
    </test> <!-- Default test -->
  </suite> <!-- Default suite -->
</testng-results>
